<?xml version="1.0" encoding="UTF-8"?>
<testsuite name="com.konduto.sdk.models.KondutoOrderTest" tests="3" skipped="0" failures="0" errors="0" timestamp="2026-01-12T20:04:12" hostname="b800360472b5" time="0.053">
  <properties/>
  <testcase name="serializationTest" classname="com.konduto.sdk.models.KondutoOrderTest" time="0.049"/>
  <testcase name="isValidTest" classname="com.konduto.sdk.models.KondutoOrderTest" time="0.002"/>
  <testcase name="invalidOrderSerializationThrowsExceptionTest" classname="com.konduto.sdk.models.KondutoOrderTest" time="0.001"/>
  <system-out><![CDATA[]]></system-out>
  <system-err><![CDATA[]]></system-err>
</testsuite>
