<?xml version="1.0" encoding="UTF-8"?>
<testsuite name="com.konduto.sdk.models.KondutoModelTest" tests="5" skipped="0" failures="0" errors="0" timestamp="2026-01-08T20:10:27.118Z" hostname="537144d2e557" time="0.009">
  <properties/>
  <testcase name="fluentTest" classname="com.konduto.sdk.models.KondutoModelTest" time="0.005"/>
  <testcase name="isValidTest" classname="com.konduto.sdk.models.KondutoModelTest" time="0.001"/>
  <testcase name="AgentTest" classname="com.konduto.sdk.models.KondutoModelTest" time="0.002"/>
  <testcase name="hashMapFactoryTest" classname="com.konduto.sdk.models.KondutoModelTest" time="0.0"/>
  <testcase name="isRequiredErrorTest" classname="com.konduto.sdk.models.KondutoModelTest" time="0.001"/>
  <system-out><![CDATA[]]></system-out>
  <system-err><![CDATA[]]></system-err>
</testsuite>
