<?xml version="1.0" encoding="UTF-8"?>
<testsuite name="com.konduto.sdk.models.KondutoFlightTravelLegTest" tests="3" skipped="0" failures="0" errors="0" timestamp="2026-01-12T20:39:47" hostname="b800360472b5" time="0.013">
  <properties/>
  <testcase name="isValidTest" classname="com.konduto.sdk.models.KondutoFlightTravelLegTest" time="0.007"/>
  <testcase name="serializeTest" classname="com.konduto.sdk.models.KondutoFlightTravelLegTest" time="0.001"/>
  <testcase name="deserializeTest" classname="com.konduto.sdk.models.KondutoFlightTravelLegTest" time="0.005"/>
  <system-out><![CDATA[]]></system-out>
  <system-err><![CDATA[]]></system-err>
</testsuite>
