<?xml version="1.0" encoding="UTF-8"?>
<testsuite name="com.konduto.sdk.models.KondutoBusTravelLegTest" tests="3" skipped="0" failures="0" errors="0" timestamp="2026-01-12T16:27:48" hostname="vdigcplnx0012" time="0.013">
  <properties/>
  <testcase name="isValidTest" classname="com.konduto.sdk.models.KondutoBusTravelLegTest" time="0.01"/>
  <testcase name="serializeTest" classname="com.konduto.sdk.models.KondutoBusTravelLegTest" time="0.001"/>
  <testcase name="deserializeTest" classname="com.konduto.sdk.models.KondutoBusTravelLegTest" time="0.0"/>
  <system-out><![CDATA[]]></system-out>
  <system-err><![CDATA[]]></system-err>
</testsuite>
