<?xml version="1.0" encoding="UTF-8"?>
<testsuite name="com.konduto.sdk.models.KondutoPointOfSaleTest" tests="3" skipped="0" failures="0" errors="0" timestamp="2026-01-12T20:04:12" hostname="b800360472b5" time="0.007">
  <properties/>
  <testcase name="invalidPointOfSaleSerializationThrowsExceptionTest" classname="com.konduto.sdk.models.KondutoPointOfSaleTest" time="0.0"/>
  <testcase name="isValidTest" classname="com.konduto.sdk.models.KondutoPointOfSaleTest" time="0.002"/>
  <testcase name="serializeTest" classname="com.konduto.sdk.models.KondutoPointOfSaleTest" time="0.005"/>
  <system-out><![CDATA[]]></system-out>
  <system-err><![CDATA[]]></system-err>
</testsuite>
