<?xml version="1.0" encoding="UTF-8"?>
<testsuite name="com.konduto.sdk.models.KondutoSellerTest" tests="2" skipped="0" failures="0" errors="0" timestamp="2026-01-12T16:27:48" hostname="vdigcplnx0012" time="0.003">
  <properties/>
  <testcase name="serializationTest" classname="com.konduto.sdk.models.KondutoSellerTest" time="0.002"/>
  <testcase name="invalidCustomerSerializationThrowsExceptionTest" classname="com.konduto.sdk.models.KondutoSellerTest" time="0.001"/>
  <system-out><![CDATA[]]></system-out>
  <system-err><![CDATA[]]></system-err>
</testsuite>
