<?xml version="1.0" encoding="UTF-8"?>
<testsuite name="com.konduto.sdk.models.KondutoTravelTest" tests="4" skipped="0" failures="0" errors="0" timestamp="2026-01-08T20:10:27.246Z" hostname="537144d2e557" time="0.014">
  <properties/>
  <testcase name="setExpirationDate" classname="com.konduto.sdk.models.KondutoTravelTest" time="0.005"/>
  <testcase name="isValidTest" classname="com.konduto.sdk.models.KondutoTravelTest" time="0.004"/>
  <testcase name="serializeTest" classname="com.konduto.sdk.models.KondutoTravelTest" time="0.003"/>
  <testcase name="deserializeTest" classname="com.konduto.sdk.models.KondutoTravelTest" time="0.001"/>
  <system-out><![CDATA[]]></system-out>
  <system-err><![CDATA[]]></system-err>
</testsuite>
