<?xml version="1.0" encoding="UTF-8"?>
<testsuite name="com.konduto.sdk.adapters.KondutoBoletoPaymentSerializerTest" tests="2" skipped="0" failures="0" errors="0" timestamp="2026-01-12T16:27:48" hostname="vdigcplnx0012" time="0.004">
  <properties/>
  <testcase name="testSerialize" classname="com.konduto.sdk.adapters.KondutoBoletoPaymentSerializerTest" time="0.003"/>
  <testcase name="testSerializeWithoutExpirationDate" classname="com.konduto.sdk.adapters.KondutoBoletoPaymentSerializerTest" time="0.001"/>
  <system-out><![CDATA[]]></system-out>
  <system-err><![CDATA[]]></system-err>
</testsuite>
