<?xml version="1.0" encoding="UTF-8"?>
<testsuite name="com.konduto.sdk.models.KondutoModelTest" tests="5" skipped="0" failures="0" errors="0" timestamp="2026-01-12T16:27:48" hostname="vdigcplnx0012" time="0.004">
  <properties/>
  <testcase name="fluentTest" classname="com.konduto.sdk.models.KondutoModelTest" time="0.001"/>
  <testcase name="isValidTest" classname="com.konduto.sdk.models.KondutoModelTest" time="0.001"/>
  <testcase name="AgentTest" classname="com.konduto.sdk.models.KondutoModelTest" time="0.001"/>
  <testcase name="hashMapFactoryTest" classname="com.konduto.sdk.models.KondutoModelTest" time="0.001"/>
  <testcase name="isRequiredErrorTest" classname="com.konduto.sdk.models.KondutoModelTest" time="0.0"/>
  <system-out><![CDATA[]]></system-out>
  <system-err><![CDATA[]]></system-err>
</testsuite>
