<?xml version="1.0" encoding="UTF-8"?>
<testsuite name="com.konduto.sdk.models.KondutoVehicleTest" tests="6" skipped="0" failures="0" errors="0" timestamp="2026-01-08T20:10:27.274Z" hostname="537144d2e557" time="0.013">
  <properties/>
  <testcase name="invalidVid" classname="com.konduto.sdk.models.KondutoVehicleTest" time="0.001"/>
  <testcase name="renavamSmallerThanExpected" classname="com.konduto.sdk.models.KondutoVehicleTest" time="0.0"/>
  <testcase name="renavamLargerThanExpected" classname="com.konduto.sdk.models.KondutoVehicleTest" time="0.003"/>
  <testcase name="invalidOwner" classname="com.konduto.sdk.models.KondutoVehicleTest" time="0.001"/>
  <testcase name="serializeTest" classname="com.konduto.sdk.models.KondutoVehicleTest" time="0.002"/>
  <testcase name="incompleteVehicle" classname="com.konduto.sdk.models.KondutoVehicleTest" time="0.001"/>
  <system-out><![CDATA[]]></system-out>
  <system-err><![CDATA[]]></system-err>
</testsuite>
