<?xml version="1.0" encoding="UTF-8"?>
<testsuite name="com.konduto.sdk.models.KondutoOrderTest" tests="3" skipped="0" failures="0" errors="0" timestamp="2026-01-12T16:27:48" hostname="vdigcplnx0012" time="0.046">
  <properties/>
  <testcase name="serializationTest" classname="com.konduto.sdk.models.KondutoOrderTest" time="0.044"/>
  <testcase name="isValidTest" classname="com.konduto.sdk.models.KondutoOrderTest" time="0.001"/>
  <testcase name="invalidOrderSerializationThrowsExceptionTest" classname="com.konduto.sdk.models.KondutoOrderTest" time="0.001"/>
  <system-out><![CDATA[]]></system-out>
  <system-err><![CDATA[]]></system-err>
</testsuite>
