<?xml version="1.0" encoding="UTF-8"?>
<testsuite name="com.konduto.sdk.models.KondutoBoletoPaymentTest" tests="3" skipped="0" failures="0" errors="0" timestamp="2026-01-08T20:10:26.966Z" hostname="537144d2e557" time="0.001">
  <properties/>
  <testcase name="throwsExceptionGivenUnparseableExpirationDate" classname="com.konduto.sdk.models.KondutoBoletoPaymentTest" time="0.0"/>
  <testcase name="isValidWithoutExpirationDate" classname="com.konduto.sdk.models.KondutoBoletoPaymentTest" time="0.0"/>
  <testcase name="typeIsBoletoTest" classname="com.konduto.sdk.models.KondutoBoletoPaymentTest" time="0.0"/>
  <system-out><![CDATA[]]></system-out>
  <system-err><![CDATA[]]></system-err>
</testsuite>
