<?xml version="1.0" encoding="UTF-8"?>
<testsuite name="com.konduto.sdk.models.KondutoBoletoPaymentTest" tests="3" skipped="0" failures="0" errors="0" timestamp="2026-01-12T16:27:48" hostname="vdigcplnx0012" time="0.007">
  <properties/>
  <testcase name="throwsExceptionGivenUnparseableExpirationDate" classname="com.konduto.sdk.models.KondutoBoletoPaymentTest" time="0.001"/>
  <testcase name="isValidWithoutExpirationDate" classname="com.konduto.sdk.models.KondutoBoletoPaymentTest" time="0.004"/>
  <testcase name="typeIsBoletoTest" classname="com.konduto.sdk.models.KondutoBoletoPaymentTest" time="0.002"/>
  <system-out><![CDATA[]]></system-out>
  <system-err><![CDATA[]]></system-err>
</testsuite>
