<?xml version="1.0" encoding="UTF-8"?>
<testsuite name="com.konduto.sdk.models.KondutoTravelTest" tests="4" skipped="0" failures="0" errors="0" timestamp="2026-01-12T20:39:47" hostname="b800360472b5" time="0.011">
  <properties/>
  <testcase name="setExpirationDate" classname="com.konduto.sdk.models.KondutoTravelTest" time="0.006"/>
  <testcase name="isValidTest" classname="com.konduto.sdk.models.KondutoTravelTest" time="0.002"/>
  <testcase name="serializeTest" classname="com.konduto.sdk.models.KondutoTravelTest" time="0.002"/>
  <testcase name="deserializeTest" classname="com.konduto.sdk.models.KondutoTravelTest" time="0.001"/>
  <system-out><![CDATA[]]></system-out>
  <system-err><![CDATA[]]></system-err>
</testsuite>
