<?xml version="1.0" encoding="UTF-8"?>
<testsuite name="com.konduto.sdk.models.KondutoTenantTest" tests="2" skipped="0" failures="0" errors="0" timestamp="2026-01-12T16:27:48" hostname="vdigcplnx0012" time="0.01">
  <properties/>
  <testcase name="serializationTest" classname="com.konduto.sdk.models.KondutoTenantTest" time="0.009"/>
  <testcase name="invalidCustomerSerializationThrowsExceptionTest" classname="com.konduto.sdk.models.KondutoTenantTest" time="0.001"/>
  <system-out><![CDATA[]]></system-out>
  <system-err><![CDATA[]]></system-err>
</testsuite>
