<?xml version="1.0" encoding="UTF-8"?>
<testsuite name="com.konduto.sdk.adapters.KondutoCreditCardPaymentSerializerTest" tests="4" skipped="0" failures="0" errors="0" timestamp="2026-01-12T16:27:48" hostname="vdigcplnx0012" time="0.009">
  <properties/>
  <testcase name="testSerializeWithoutBin" classname="com.konduto.sdk.adapters.KondutoCreditCardPaymentSerializerTest" time="0.005"/>
  <testcase name="testSerialize" classname="com.konduto.sdk.adapters.KondutoCreditCardPaymentSerializerTest" time="0.003"/>
  <testcase name="testSerializeWithoutLast4" classname="com.konduto.sdk.adapters.KondutoCreditCardPaymentSerializerTest" time="0.0"/>
  <testcase name="testSerializeWithoutExpirationDate" classname="com.konduto.sdk.adapters.KondutoCreditCardPaymentSerializerTest" time="0.0"/>
  <system-out><![CDATA[]]></system-out>
  <system-err><![CDATA[]]></system-err>
</testsuite>
