<?xml version="1.0" encoding="UTF-8"?>
<testsuite name="com.konduto.sdk.models.KondutoCreditCardPaymentTest" tests="3" skipped="0" failures="0" errors="0" timestamp="2026-01-12T16:27:48" hostname="vdigcplnx0012" time="0.006">
  <properties/>
  <testcase name="typeIsCreditCardTest" classname="com.konduto.sdk.models.KondutoCreditCardPaymentTest" time="0.0"/>
  <testcase name="isInvalidWithoutStatusTest" classname="com.konduto.sdk.models.KondutoCreditCardPaymentTest" time="0.003"/>
  <testcase name="serializeTest" classname="com.konduto.sdk.models.KondutoCreditCardPaymentTest" time="0.003"/>
  <system-out><![CDATA[]]></system-out>
  <system-err><![CDATA[]]></system-err>
</testsuite>
