<?xml version="1.0" encoding="UTF-8"?>
<testsuite name="com.konduto.sdk.models.KondutoPassengerTest" tests="3" skipped="0" failures="0" errors="0" timestamp="2026-01-12T20:04:12" hostname="b800360472b5" time="0.011">
  <properties/>
  <testcase name="isValidTest" classname="com.konduto.sdk.models.KondutoPassengerTest" time="0.0"/>
  <testcase name="serializeTest" classname="com.konduto.sdk.models.KondutoPassengerTest" time="0.006"/>
  <testcase name="deserializeTest" classname="com.konduto.sdk.models.KondutoPassengerTest" time="0.004"/>
  <system-out><![CDATA[]]></system-out>
  <system-err><![CDATA[]]></system-err>
</testsuite>
