<?xml version="1.0" encoding="UTF-8"?>
<testsuite name="com.konduto.sdk.adapters.KondutoCreditCardPaymentSerializerTest" tests="4" skipped="0" failures="0" errors="0" timestamp="2026-01-12T20:04:12" hostname="b800360472b5" time="0.007">
  <properties/>
  <testcase name="testSerializeWithoutBin" classname="com.konduto.sdk.adapters.KondutoCreditCardPaymentSerializerTest" time="0.003"/>
  <testcase name="testSerialize" classname="com.konduto.sdk.adapters.KondutoCreditCardPaymentSerializerTest" time="0.001"/>
  <testcase name="testSerializeWithoutLast4" classname="com.konduto.sdk.adapters.KondutoCreditCardPaymentSerializerTest" time="0.001"/>
  <testcase name="testSerializeWithoutExpirationDate" classname="com.konduto.sdk.adapters.KondutoCreditCardPaymentSerializerTest" time="0.001"/>
  <system-out><![CDATA[]]></system-out>
  <system-err><![CDATA[]]></system-err>
</testsuite>
