<?xml version="1.0" encoding="UTF-8"?>
<testsuite name="com.konduto.sdk.adapters.KondutoBoletoPaymentSerializerTest" tests="2" skipped="0" failures="0" errors="0" timestamp="2026-01-12T20:39:47" hostname="b800360472b5" time="0.009">
  <properties/>
  <testcase name="testSerialize" classname="com.konduto.sdk.adapters.KondutoBoletoPaymentSerializerTest" time="0.008"/>
  <testcase name="testSerializeWithoutExpirationDate" classname="com.konduto.sdk.adapters.KondutoBoletoPaymentSerializerTest" time="0.0"/>
  <system-out><![CDATA[]]></system-out>
  <system-err><![CDATA[]]></system-err>
</testsuite>
